<?xml version="1.0" encoding="UTF-8"?>
<testng-results skipped="0" failed="1" total="2" passed="1">
  <reporter-output>
    <line>
      <![CDATA[<strong style='color:green;'>Auto Start!</strong>]]>
    </line>
    <line>
      <![CDATA[<strong style="background: green;">Step: 1 </strong>:打开网页. ]]>
    </line>
    <line>
      <![CDATA[<strong style="background: green;">Step: 2 </strong>:上传图片. ]]>
    </line>
    <line>
      <![CDATA[<strong style="background: green;">Step: 3 </strong>:获取属性. ]]>
    </line>
    <line>
      <![CDATA[<strong style="background: green;">Step: 4 </strong>:获取文本. ]]>
    </line>
    <line>
      <![CDATA[nullzmz 1 ]]>
    </line>
    <line>
      <![CDATA[<Strong style="color: red;"> Fail! [点击] SCREEN: </strong> ]]>
    </line>
    <line>
      <![CDATA[<a href=./snapshot/TestData-Top100.png/ target=_blank ><img style="width: 30px;"  src="./snapshot/TestData-Top100.png/ "></a>]]>
    </line>
    <line>
      <![CDATA[<strong style='color:green;'>Auto Start!</strong>]]>
    </line>
    <line>
      <![CDATA[<strong style="background: green;">Step: 1 </strong>:打开网页. ]]>
    </line>
    <line>
      <![CDATA[<strong style="background: green;">Step: 2 </strong>:输入朱圆. ]]>
    </line>
    <line>
      <![CDATA[<strong style="background: green;">Step: 3 </strong>:点击按钮. ]]>
    </line>
    <line>
      <![CDATA[KEYS EMPTY!]]>
    </line>
    <line>
      <![CDATA[<Strong style="color: green;"> AUTO TEST PASS ! </strong>]]>
    </line>
  </reporter-output>
  <suite name="Default suite" duration-ms="18565" started-at="2016-10-27T02:30:42Z" finished-at="2016-10-27T02:31:00Z">
    <groups>
    </groups>
    <test name="Default test" duration-ms="18565" started-at="2016-10-27T02:30:42Z" finished-at="2016-10-27T02:31:00Z">
      <class name="frame.ZY">
        <test-method status="FAIL" signature="autoTest(java.lang.String, java.lang.String, java.lang.String)[pri:0, instance:frame.ZY@3930015a]" name="autoTest" duration-ms="7239" started-at="2016-10-27T10:30:42Z" data-provider="db" finished-at="2016-10-27T10:30:49Z">
          <params>
            <param index="0">
              <value>
                <![CDATA[./]]>
              </value>
            </param>
            <param index="1">
              <value>
                <![CDATA[TestData]]>
              </value>
            </param>
            <param index="2">
              <value>
                <![CDATA[Top100]]>
              </value>
            </param>
          </params>
          <exception class="org.openqa.selenium.NoSuchElementException">
            <message>
              <![CDATA[Unable to locate element: {"method":"xpath","selector":"html/body/center/p[1]/table/tbody/tr[1]/td[2]/input/asdas"}
Command duration or timeout: 10 milliseconds
For documentation on this error, please visit: http://seleniumhq.org/exceptions/no_such_element.html
Build info: version: '2.47.1', revision: '411b314', time: '2015-07-30 03:03:16'
System info: host: 'MGSHPC086', ip: '192.168.50.82', os.name: 'Windows 8', os.arch: 'amd64', os.version: '6.2', java.version: '1.8.0_66'
Driver info: org.openqa.selenium.firefox.FirefoxDriver
Capabilities [{applicationCacheEnabled=true, rotatable=false, handlesAlerts=true, databaseEnabled=true, version=42.0, platform=WINDOWS, nativeEvents=false, acceptSslCerts=true, webStorageEnabled=true, locationContextEnabled=true, browserName=firefox, takesScreenshot=true, javascriptEnabled=true, cssSelectorsEnabled=true}]
Session ID: 6b1a8308-f549-4a2d-aae6-7496a54652a4
*** Element info: {Using=xpath, value=html/body/center/p[1]/table/tbody/tr[1]/td[2]/input/asdas}]]>
            </message>
            <full-stacktrace>
              <![CDATA[org.openqa.selenium.NoSuchElementException: Unable to locate element: {"method":"xpath","selector":"html/body/center/p[1]/table/tbody/tr[1]/td[2]/input/asdas"}
Command duration or timeout: 10 milliseconds
For documentation on this error, please visit: http://seleniumhq.org/exceptions/no_such_element.html
Build info: version: '2.47.1', revision: '411b314', time: '2015-07-30 03:03:16'
System info: host: 'MGSHPC086', ip: '192.168.50.82', os.name: 'Windows 8', os.arch: 'amd64', os.version: '6.2', java.version: '1.8.0_66'
Driver info: org.openqa.selenium.firefox.FirefoxDriver
Capabilities [{applicationCacheEnabled=true, rotatable=false, handlesAlerts=true, databaseEnabled=true, version=42.0, platform=WINDOWS, nativeEvents=false, acceptSslCerts=true, webStorageEnabled=true, locationContextEnabled=true, browserName=firefox, takesScreenshot=true, javascriptEnabled=true, cssSelectorsEnabled=true}]
Session ID: 6b1a8308-f549-4a2d-aae6-7496a54652a4
*** Element info: {Using=xpath, value=html/body/center/p[1]/table/tbody/tr[1]/td[2]/input/asdas}
	at sun.reflect.NativeConstructorAccessorImpl.newInstance0(Native Method)
	at sun.reflect.NativeConstructorAccessorImpl.newInstance(NativeConstructorAccessorImpl.java:62)
	at sun.reflect.DelegatingConstructorAccessorImpl.newInstance(DelegatingConstructorAccessorImpl.java:45)
	at java.lang.reflect.Constructor.newInstance(Constructor.java:422)
	at org.openqa.selenium.remote.ErrorHandler.createThrowable(ErrorHandler.java:206)
	at org.openqa.selenium.remote.ErrorHandler.throwIfResponseFailed(ErrorHandler.java:158)
	at org.openqa.selenium.remote.RemoteWebDriver.execute(RemoteWebDriver.java:595)
	at org.openqa.selenium.remote.RemoteWebDriver.findElement(RemoteWebDriver.java:348)
	at org.openqa.selenium.remote.RemoteWebDriver.findElementByXPath(RemoteWebDriver.java:445)
	at org.openqa.selenium.By$ByXPath.findElement(By.java:358)
	at org.openqa.selenium.remote.RemoteWebDriver.findElement(RemoteWebDriver.java:340)
	at frame.ZY.autoTest(ZY.java:82)
	at sun.reflect.NativeMethodAccessorImpl.invoke0(Native Method)
	at sun.reflect.NativeMethodAccessorImpl.invoke(NativeMethodAccessorImpl.java:62)
	at sun.reflect.DelegatingMethodAccessorImpl.invoke(DelegatingMethodAccessorImpl.java:43)
	at java.lang.reflect.Method.invoke(Method.java:497)
	at org.testng.internal.MethodInvocationHelper.invokeMethod(MethodInvocationHelper.java:84)
	at org.testng.internal.Invoker.invokeMethod(Invoker.java:714)
	at org.testng.internal.Invoker.invokeTestMethod(Invoker.java:901)
	at org.testng.internal.Invoker.invokeTestMethods(Invoker.java:1231)
	at org.testng.internal.TestMethodWorker.invokeTestMethods(TestMethodWorker.java:127)
	at org.testng.internal.TestMethodWorker.run(TestMethodWorker.java:111)
	at org.testng.TestRunner.privateRun(TestRunner.java:767)
	at org.testng.TestRunner.run(TestRunner.java:617)
	at org.testng.SuiteRunner.runTest(SuiteRunner.java:334)
	at org.testng.SuiteRunner.runSequentially(SuiteRunner.java:329)
	at org.testng.SuiteRunner.privateRun(SuiteRunner.java:291)
	at org.testng.SuiteRunner.run(SuiteRunner.java:240)
	at org.testng.SuiteRunnerWorker.runSuite(SuiteRunnerWorker.java:52)
	at org.testng.SuiteRunnerWorker.run(SuiteRunnerWorker.java:86)
	at org.testng.TestNG.runSuitesSequentially(TestNG.java:1224)
	at org.testng.TestNG.runSuitesLocally(TestNG.java:1149)
	at org.testng.TestNG.run(TestNG.java:1057)
	at org.testng.remote.RemoteTestNG.run(RemoteTestNG.java:111)
	at org.testng.remote.RemoteTestNG.initAndRun(RemoteTestNG.java:204)
	at org.testng.remote.RemoteTestNG.main(RemoteTestNG.java:175)
Caused by: org.openqa.selenium.NoSuchElementException: Unable to locate element: {"method":"xpath","selector":"html/body/center/p[1]/table/tbody/tr[1]/td[2]/input/asdas"}
For documentation on this error, please visit: http://seleniumhq.org/exceptions/no_such_element.html
Build info: version: '2.47.1', revision: '411b314', time: '2015-07-30 03:03:16'
System info: host: 'MGSHPC086', ip: '192.168.50.82', os.name: 'Windows 8', os.arch: 'amd64', os.version: '6.2', java.version: '1.8.0_66'
Driver info: driver.version: unknown
	at <anonymous class>.FirefoxDriver.prototype.findElementInternal_(file:///C:/Users/JACK~1.ZHO/AppData/Local/Temp/anonymous8567174056279835841webdriver-profile/extensions/fxdriver@googlecode.com/components/driver-component.js:10667)
	at <anonymous class>.FirefoxDriver.prototype.findElement(file:///C:/Users/JACK~1.ZHO/AppData/Local/Temp/anonymous8567174056279835841webdriver-profile/extensions/fxdriver@googlecode.com/components/driver-component.js:10676)
	at <anonymous class>.DelayedCommand.prototype.executeInternal_/h(file:///C:/Users/JACK~1.ZHO/AppData/Local/Temp/anonymous8567174056279835841webdriver-profile/extensions/fxdriver@googlecode.com/components/command-processor.js:12643)
	at <anonymous class>.DelayedCommand.prototype.executeInternal_(file:///C:/Users/JACK~1.ZHO/AppData/Local/Temp/anonymous8567174056279835841webdriver-profile/extensions/fxdriver@googlecode.com/components/command-processor.js:12648)
	at <anonymous class>.DelayedCommand.prototype.execute/<(file:///C:/Users/JACK~1.ZHO/AppData/Local/Temp/anonymous8567174056279835841webdriver-profile/extensions/fxdriver@googlecode.com/components/command-processor.js:12590)
]]>
            </full-stacktrace>
          </exception> <!-- org.openqa.selenium.NoSuchElementException -->
          <reporter-output>
            <line>
              <![CDATA[<strong style='color:green;'>Auto Start!</strong>]]>
            </line>
            <line>
              <![CDATA[<strong style="background: green;">Step: 1 </strong>:打开网页. ]]>
            </line>
            <line>
              <![CDATA[<strong style="background: green;">Step: 2 </strong>:上传图片. ]]>
            </line>
            <line>
              <![CDATA[<strong style="background: green;">Step: 3 </strong>:获取属性. ]]>
            </line>
            <line>
              <![CDATA[<strong style="background: green;">Step: 4 </strong>:获取文本. ]]>
            </line>
            <line>
              <![CDATA[nullzmz 1 ]]>
            </line>
            <line>
              <![CDATA[<Strong style="color: red;"> Fail! [点击] SCREEN: </strong> ]]>
            </line>
            <line>
              <![CDATA[<a href=./snapshot/TestData-Top100.png/ target=_blank ><img style="width: 30px;"  src="./snapshot/TestData-Top100.png/ "></a>]]>
            </line>
          </reporter-output>
        </test-method> <!-- autoTest -->
        <test-method status="PASS" signature="autoTest(java.lang.String, java.lang.String, java.lang.String)[pri:0, instance:frame.ZY@3930015a]" name="autoTest" duration-ms="8722" started-at="2016-10-27T10:30:52Z" data-provider="db" finished-at="2016-10-27T10:31:00Z">
          <params>
            <param index="0">
              <value>
                <![CDATA[./]]>
              </value>
            </param>
            <param index="1">
              <value>
                <![CDATA[TestData]]>
              </value>
            </param>
            <param index="2">
              <value>
                <![CDATA[f]]>
              </value>
            </param>
          </params>
          <reporter-output>
            <line>
              <![CDATA[<strong style='color:green;'>Auto Start!</strong>]]>
            </line>
            <line>
              <![CDATA[<strong style="background: green;">Step: 1 </strong>:打开网页. ]]>
            </line>
            <line>
              <![CDATA[<strong style="background: green;">Step: 2 </strong>:输入朱圆. ]]>
            </line>
            <line>
              <![CDATA[<strong style="background: green;">Step: 3 </strong>:点击按钮. ]]>
            </line>
            <line>
              <![CDATA[KEYS EMPTY!]]>
            </line>
            <line>
              <![CDATA[<Strong style="color: green;"> AUTO TEST PASS ! </strong>]]>
            </line>
          </reporter-output>
        </test-method> <!-- autoTest -->
      </class> <!-- frame.ZY -->
    </test> <!-- Default test -->
  </suite> <!-- Default suite -->
</testng-results>
